Jan 24 2019 08:21:04
{"type":2,"message":"set_time_limit() has been disabled for security reasons","file":"\/usr\/home\/tustorneosdegolf.com\/web\/wp-content\/plugins\/all-in-one-wp-migration\/functions.php","line":1340}

Jan 24 2019 08:21:10
{"type":2,"message":"set_time_limit() has been disabled for security reasons","file":"\/usr\/home\/tustorneosdegolf.com\/web\/wp-content\/plugins\/all-in-one-wp-migration\/functions.php","line":1340}

Jan 24 2019 08:21:16
{"type":2,"message":"set_time_limit() has been disabled for security reasons","file":"\/usr\/home\/tustorneosdegolf.com\/web\/wp-content\/plugins\/all-in-one-wp-migration\/functions.php","line":1340}

Jan 24 2019 08:21:23
{"type":2,"message":"set_time_limit() has been disabled for security reasons","file":"\/usr\/home\/tustorneosdegolf.com\/web\/wp-content\/plugins\/all-in-one-wp-migration\/functions.php","line":1340}

Jan 24 2019 08:21:46
{"type":2,"message":"set_time_limit() has been disabled for security reasons","file":"\/usr\/home\/tustorneosdegolf.com\/web\/wp-content\/plugins\/all-in-one-wp-migration\/functions.php","line":1340}

Jan 24 2019 08:22:01
{"type":2,"message":"set_time_limit() has been disabled for security reasons","file":"\/usr\/home\/tustorneosdegolf.com\/web\/wp-content\/plugins\/all-in-one-wp-migration\/functions.php","line":1340}

Jan 24 2019 08:22:16
{"type":2,"message":"set_time_limit() has been disabled for security reasons","file":"\/usr\/home\/tustorneosdegolf.com\/web\/wp-content\/plugins\/all-in-one-wp-migration\/functions.php","line":1340}

Jan 24 2019 08:22:32
{"type":2,"message":"set_time_limit() has been disabled for security reasons","file":"\/usr\/home\/tustorneosdegolf.com\/web\/wp-content\/plugins\/all-in-one-wp-migration\/functions.php","line":1340}

Jan 24 2019 08:23:26
{"type":2,"message":"set_time_limit() has been disabled for security reasons","file":"\/usr\/home\/tustorneosdegolf.com\/web\/wp-content\/plugins\/all-in-one-wp-migration\/functions.php","line":1340}

Jan 24 2019 08:23:42
{"type":2,"message":"set_time_limit() has been disabled for security reasons","file":"\/usr\/home\/tustorneosdegolf.com\/web\/wp-content\/plugins\/all-in-one-wp-migration\/functions.php","line":1340}

Jan 24 2019 08:24:03
{"type":2,"message":"set_time_limit() has been disabled for security reasons","file":"\/usr\/home\/tustorneosdegolf.com\/web\/wp-content\/plugins\/all-in-one-wp-migration\/functions.php","line":1340}

Jan 24 2019 08:24:12
{"type":2,"message":"set_time_limit() has been disabled for security reasons","file":"\/usr\/home\/tustorneosdegolf.com\/web\/wp-content\/plugins\/all-in-one-wp-migration\/functions.php","line":1340}

Jan 24 2019 08:24:24
{"type":2,"message":"set_time_limit() has been disabled for security reasons","file":"\/usr\/home\/tustorneosdegolf.com\/web\/wp-content\/plugins\/all-in-one-wp-migration\/functions.php","line":1340}

Jan 24 2019 08:24:31
{"type":2,"message":"set_time_limit() has been disabled for security reasons","file":"\/usr\/home\/tustorneosdegolf.com\/web\/wp-content\/plugins\/all-in-one-wp-migration\/functions.php","line":1340}

Jan 24 2019 08:24:37
{"type":2,"message":"set_time_limit() has been disabled for security reasons","file":"\/usr\/home\/tustorneosdegolf.com\/web\/wp-content\/plugins\/all-in-one-wp-migration\/functions.php","line":1340}

Jan 24 2019 08:24:40
{"type":2,"message":"set_time_limit() has been disabled for security reasons","file":"\/usr\/home\/tustorneosdegolf.com\/web\/wp-content\/plugins\/all-in-one-wp-migration\/functions.php","line":1340}

Jan 24 2019 08:26:46
{"type":2,"message":"set_time_limit() has been disabled for security reasons","file":"\/usr\/home\/tustorneosdegolf.com\/web\/wp-content\/plugins\/all-in-one-wp-migration\/functions.php","line":1340}

Jan 24 2019 08:26:50
{"type":2,"message":"set_time_limit() has been disabled for security reasons","file":"\/usr\/home\/tustorneosdegolf.com\/web\/wp-content\/plugins\/all-in-one-wp-migration\/functions.php","line":1340}

Jan 24 2019 08:26:55
{"type":2,"message":"set_time_limit() has been disabled for security reasons","file":"\/usr\/home\/tustorneosdegolf.com\/web\/wp-content\/plugins\/all-in-one-wp-migration\/functions.php","line":1340}

Jan 24 2019 08:26:59
{"type":2,"message":"set_time_limit() has been disabled for security reasons","file":"\/usr\/home\/tustorneosdegolf.com\/web\/wp-content\/plugins\/all-in-one-wp-migration\/functions.php","line":1340}

Jan 24 2019 08:27:22
{"type":2,"message":"set_time_limit() has been disabled for security reasons","file":"\/usr\/home\/tustorneosdegolf.com\/web\/wp-content\/plugins\/all-in-one-wp-migration\/functions.php","line":1340}

Jan 24 2019 08:27:39
{"type":2,"message":"set_time_limit() has been disabled for security reasons","file":"\/usr\/home\/tustorneosdegolf.com\/web\/wp-content\/plugins\/all-in-one-wp-migration\/functions.php","line":1340}

Jan 24 2019 08:27:49
{"type":2,"message":"set_time_limit() has been disabled for security reasons","file":"\/usr\/home\/tustorneosdegolf.com\/web\/wp-content\/plugins\/all-in-one-wp-migration\/functions.php","line":1340}

Jan 24 2019 08:29:34
{"type":2,"message":"set_time_limit() has been disabled for security reasons","file":"\/usr\/home\/tustorneosdegolf.com\/web\/wp-content\/plugins\/all-in-one-wp-migration\/functions.php","line":1340}

Jan 24 2019 08:29:40
{"type":2,"message":"set_time_limit() has been disabled for security reasons","file":"\/usr\/home\/tustorneosdegolf.com\/web\/wp-content\/plugins\/all-in-one-wp-migration\/functions.php","line":1340}

Jan 24 2019 08:29:44
{"type":2,"message":"set_time_limit() has been disabled for security reasons","file":"\/usr\/home\/tustorneosdegolf.com\/web\/wp-content\/plugins\/all-in-one-wp-migration\/functions.php","line":1340}

Jan 24 2019 08:29:49
{"type":2,"message":"set_time_limit() has been disabled for security reasons","file":"\/usr\/home\/tustorneosdegolf.com\/web\/wp-content\/plugins\/all-in-one-wp-migration\/functions.php","line":1340}

Jan 24 2019 08:30:13
{"type":2,"message":"set_time_limit() has been disabled for security reasons","file":"\/usr\/home\/tustorneosdegolf.com\/web\/wp-content\/plugins\/all-in-one-wp-migration\/functions.php","line":1340}

Jan 24 2019 08:30:29
{"type":2,"message":"set_time_limit() has been disabled for security reasons","file":"\/usr\/home\/tustorneosdegolf.com\/web\/wp-content\/plugins\/all-in-one-wp-migration\/functions.php","line":1340}

Jan 24 2019 08:30:45
{"type":2,"message":"set_time_limit() has been disabled for security reasons","file":"\/usr\/home\/tustorneosdegolf.com\/web\/wp-content\/plugins\/all-in-one-wp-migration\/functions.php","line":1340}

Jan 24 2019 08:31:03
{"type":2,"message":"set_time_limit() has been disabled for security reasons","file":"\/usr\/home\/tustorneosdegolf.com\/web\/wp-content\/plugins\/all-in-one-wp-migration\/functions.php","line":1340}

Jan 24 2019 08:31:27
{"type":2,"message":"set_time_limit() has been disabled for security reasons","file":"\/usr\/home\/tustorneosdegolf.com\/web\/wp-content\/plugins\/all-in-one-wp-migration\/functions.php","line":1340}

Jan 24 2019 08:31:43
{"type":2,"message":"set_time_limit() has been disabled for security reasons","file":"\/usr\/home\/tustorneosdegolf.com\/web\/wp-content\/plugins\/all-in-one-wp-migration\/functions.php","line":1340}

Jan 24 2019 08:31:58
{"type":2,"message":"set_time_limit() has been disabled for security reasons","file":"\/usr\/home\/tustorneosdegolf.com\/web\/wp-content\/plugins\/all-in-one-wp-migration\/functions.php","line":1340}

Jan 24 2019 08:32:20
{"type":2,"message":"set_time_limit() has been disabled for security reasons","file":"\/usr\/home\/tustorneosdegolf.com\/web\/wp-content\/plugins\/all-in-one-wp-migration\/functions.php","line":1340}

Jan 24 2019 08:32:24
{"type":2,"message":"set_time_limit() has been disabled for security reasons","file":"\/usr\/home\/tustorneosdegolf.com\/web\/wp-content\/plugins\/all-in-one-wp-migration\/functions.php","line":1340}

Jan 24 2019 08:32:26
{"type":2,"message":"set_time_limit() has been disabled for security reasons","file":"\/usr\/home\/tustorneosdegolf.com\/web\/wp-content\/plugins\/all-in-one-wp-migration\/functions.php","line":1340}

Jan 24 2019 08:32:28
{"type":2,"message":"set_time_limit() has been disabled for security reasons","file":"\/usr\/home\/tustorneosdegolf.com\/web\/wp-content\/plugins\/all-in-one-wp-migration\/functions.php","line":1340}

Jan 24 2019 08:32:31
{"type":2,"message":"set_time_limit() has been disabled for security reasons","file":"\/usr\/home\/tustorneosdegolf.com\/web\/wp-content\/plugins\/all-in-one-wp-migration\/functions.php","line":1340}

Jan 24 2019 08:32:33
{"type":2,"message":"set_time_limit() has been disabled for security reasons","file":"\/usr\/home\/tustorneosdegolf.com\/web\/wp-content\/plugins\/all-in-one-wp-migration\/functions.php","line":1340}

Jan 24 2019 08:32:35
{"type":2,"message":"set_time_limit() has been disabled for security reasons","file":"\/usr\/home\/tustorneosdegolf.com\/web\/wp-content\/plugins\/all-in-one-wp-migration\/functions.php","line":1340}

Jan 24 2019 08:32:37
{"type":2,"message":"set_time_limit() has been disabled for security reasons","file":"\/usr\/home\/tustorneosdegolf.com\/web\/wp-content\/plugins\/all-in-one-wp-migration\/functions.php","line":1340}

Jan 24 2019 08:33:00
{"type":2,"message":"set_time_limit() has been disabled for security reasons","file":"\/usr\/home\/tustorneosdegolf.com\/web\/wp-content\/plugins\/all-in-one-wp-migration\/functions.php","line":1340}

Jan 24 2019 08:33:16
{"type":2,"message":"set_time_limit() has been disabled for security reasons","file":"\/usr\/home\/tustorneosdegolf.com\/web\/wp-content\/plugins\/all-in-one-wp-migration\/functions.php","line":1340}

Jan 24 2019 08:33:28
{"type":2,"message":"set_time_limit() has been disabled for security reasons","file":"\/usr\/home\/tustorneosdegolf.com\/web\/wp-content\/plugins\/all-in-one-wp-migration\/functions.php","line":1340}

Feb 25 2023 18:33:14
{"type":8192,"message":"Return type of Ai1wm_Recursive_Newline_Filter::accept() should either be compatible with FilterIterator::accept(): bool, or the #[\\ReturnTypeWillChange] attribute should be used to temporarily suppress the notice","file":"\/home\/ahmwbksm\/refund.ahmweb.site\/wp-content\/plugins\/all-in-one-wp-migration\/lib\/vendor\/servmask\/filter\/class-ai1wm-recursive-newline-filter.php","line":28}

Feb 25 2023 18:33:48
{"type":8192,"message":"Return type of Requests_Utility_CaseInsensitiveDictionary::getIterator() should either be compatible with IteratorAggregate::getIterator(): Traversable, or the #[\\ReturnTypeWillChange] attribute should be used to temporarily suppress the notice","file":"\/home\/ahmwbksm\/refund.ahmweb.site\/wp-includes\/Requests\/Utility\/CaseInsensitiveDictionary.php","line":91}

Feb 25 2023 18:34:26
{"type":8192,"message":"Return type of Requests_Utility_CaseInsensitiveDictionary::getIterator() should either be compatible with IteratorAggregate::getIterator(): Traversable, or the #[\\ReturnTypeWillChange] attribute should be used to temporarily suppress the notice","file":"\/home\/ahmwbksm\/refund.ahmweb.site\/wp-includes\/Requests\/Utility\/CaseInsensitiveDictionary.php","line":91}

Feb 25 2023 18:35:02
{"type":8192,"message":"Return type of Ai1wm_Recursive_Newline_Filter::accept() should either be compatible with FilterIterator::accept(): bool, or the #[\\ReturnTypeWillChange] attribute should be used to temporarily suppress the notice","file":"\/home\/ahmwbksm\/refund.ahmweb.site\/wp-content\/plugins\/all-in-one-wp-migration\/lib\/vendor\/servmask\/filter\/class-ai1wm-recursive-newline-filter.php","line":28}

Feb 25 2023 18:35:43
{"type":8192,"message":"Return type of Requests_Utility_CaseInsensitiveDictionary::getIterator() should either be compatible with IteratorAggregate::getIterator(): Traversable, or the #[\\ReturnTypeWillChange] attribute should be used to temporarily suppress the notice","file":"\/home\/ahmwbksm\/refund.ahmweb.site\/wp-includes\/Requests\/Utility\/CaseInsensitiveDictionary.php","line":91}

Feb 25 2023 18:36:23
{"type":8192,"message":"Return type of Ai1wm_Recursive_Newline_Filter::accept() should either be compatible with FilterIterator::accept(): bool, or the #[\\ReturnTypeWillChange] attribute should be used to temporarily suppress the notice","file":"\/home\/ahmwbksm\/refund.ahmweb.site\/wp-content\/plugins\/all-in-one-wp-migration\/lib\/vendor\/servmask\/filter\/class-ai1wm-recursive-newline-filter.php","line":28}

Feb 25 2023 18:37:01
{"type":8192,"message":"Return type of Ai1wm_Recursive_Newline_Filter::accept() should either be compatible with FilterIterator::accept(): bool, or the #[\\ReturnTypeWillChange] attribute should be used to temporarily suppress the notice","file":"\/home\/ahmwbksm\/refund.ahmweb.site\/wp-content\/plugins\/all-in-one-wp-migration\/lib\/vendor\/servmask\/filter\/class-ai1wm-recursive-newline-filter.php","line":28}

Feb 25 2023 18:37:40
{"type":8192,"message":"Return type of Ai1wm_Recursive_Newline_Filter::accept() should either be compatible with FilterIterator::accept(): bool, or the #[\\ReturnTypeWillChange] attribute should be used to temporarily suppress the notice","file":"\/home\/ahmwbksm\/refund.ahmweb.site\/wp-content\/plugins\/all-in-one-wp-migration\/lib\/vendor\/servmask\/filter\/class-ai1wm-recursive-newline-filter.php","line":28}

Feb 25 2023 18:38:15
{"type":8192,"message":"Return type of Requests_Utility_CaseInsensitiveDictionary::getIterator() should either be compatible with IteratorAggregate::getIterator(): Traversable, or the #[\\ReturnTypeWillChange] attribute should be used to temporarily suppress the notice","file":"\/home\/ahmwbksm\/refund.ahmweb.site\/wp-includes\/Requests\/Utility\/CaseInsensitiveDictionary.php","line":91}

Feb 25 2023 18:38:58
{"type":8192,"message":"Return type of Ai1wm_Recursive_Newline_Filter::accept() should either be compatible with FilterIterator::accept(): bool, or the #[\\ReturnTypeWillChange] attribute should be used to temporarily suppress the notice","file":"\/home\/ahmwbksm\/refund.ahmweb.site\/wp-content\/plugins\/all-in-one-wp-migration\/lib\/vendor\/servmask\/filter\/class-ai1wm-recursive-newline-filter.php","line":28}

Feb 25 2023 18:39:36
{"type":8192,"message":"Return type of Requests_Utility_CaseInsensitiveDictionary::getIterator() should either be compatible with IteratorAggregate::getIterator(): Traversable, or the #[\\ReturnTypeWillChange] attribute should be used to temporarily suppress the notice","file":"\/home\/ahmwbksm\/refund.ahmweb.site\/wp-includes\/Requests\/Utility\/CaseInsensitiveDictionary.php","line":91}

Feb 25 2023 18:40:12
{"type":8192,"message":"Return type of Ai1wm_Recursive_Newline_Filter::accept() should either be compatible with FilterIterator::accept(): bool, or the #[\\ReturnTypeWillChange] attribute should be used to temporarily suppress the notice","file":"\/home\/ahmwbksm\/refund.ahmweb.site\/wp-content\/plugins\/all-in-one-wp-migration\/lib\/vendor\/servmask\/filter\/class-ai1wm-recursive-newline-filter.php","line":28}

Feb 25 2023 18:40:48
{"type":8192,"message":"Return type of Requests_Utility_CaseInsensitiveDictionary::getIterator() should either be compatible with IteratorAggregate::getIterator(): Traversable, or the #[\\ReturnTypeWillChange] attribute should be used to temporarily suppress the notice","file":"\/home\/ahmwbksm\/refund.ahmweb.site\/wp-includes\/Requests\/Utility\/CaseInsensitiveDictionary.php","line":91}

Feb 25 2023 18:41:24
{"type":8192,"message":"Return type of Requests_Utility_CaseInsensitiveDictionary::getIterator() should either be compatible with IteratorAggregate::getIterator(): Traversable, or the #[\\ReturnTypeWillChange] attribute should be used to temporarily suppress the notice","file":"\/home\/ahmwbksm\/refund.ahmweb.site\/wp-includes\/Requests\/Utility\/CaseInsensitiveDictionary.php","line":91}

Feb 25 2023 18:41:58
{"type":8192,"message":"Return type of Ai1wm_Recursive_Newline_Filter::accept() should either be compatible with FilterIterator::accept(): bool, or the #[\\ReturnTypeWillChange] attribute should be used to temporarily suppress the notice","file":"\/home\/ahmwbksm\/refund.ahmweb.site\/wp-content\/plugins\/all-in-one-wp-migration\/lib\/vendor\/servmask\/filter\/class-ai1wm-recursive-newline-filter.php","line":28}

Feb 25 2023 18:42:35
{"type":8192,"message":"Return type of Requests_Utility_CaseInsensitiveDictionary::getIterator() should either be compatible with IteratorAggregate::getIterator(): Traversable, or the #[\\ReturnTypeWillChange] attribute should be used to temporarily suppress the notice","file":"\/home\/ahmwbksm\/refund.ahmweb.site\/wp-includes\/Requests\/Utility\/CaseInsensitiveDictionary.php","line":91}

Feb 25 2023 18:43:09
{"type":8192,"message":"Return type of Ai1wm_Recursive_Newline_Filter::accept() should either be compatible with FilterIterator::accept(): bool, or the #[\\ReturnTypeWillChange] attribute should be used to temporarily suppress the notice","file":"\/home\/ahmwbksm\/refund.ahmweb.site\/wp-content\/plugins\/all-in-one-wp-migration\/lib\/vendor\/servmask\/filter\/class-ai1wm-recursive-newline-filter.php","line":28}

Feb 25 2023 18:43:53
{"type":8192,"message":"Return type of Requests_Utility_CaseInsensitiveDictionary::getIterator() should either be compatible with IteratorAggregate::getIterator(): Traversable, or the #[\\ReturnTypeWillChange] attribute should be used to temporarily suppress the notice","file":"\/home\/ahmwbksm\/refund.ahmweb.site\/wp-includes\/Requests\/Utility\/CaseInsensitiveDictionary.php","line":91}

Feb 25 2023 18:44:29
{"type":8192,"message":"Return type of Requests_Utility_CaseInsensitiveDictionary::getIterator() should either be compatible with IteratorAggregate::getIterator(): Traversable, or the #[\\ReturnTypeWillChange] attribute should be used to temporarily suppress the notice","file":"\/home\/ahmwbksm\/refund.ahmweb.site\/wp-includes\/Requests\/Utility\/CaseInsensitiveDictionary.php","line":91}

Feb 25 2023 18:45:08
{"type":8192,"message":"Return type of Ai1wm_Recursive_Newline_Filter::accept() should either be compatible with FilterIterator::accept(): bool, or the #[\\ReturnTypeWillChange] attribute should be used to temporarily suppress the notice","file":"\/home\/ahmwbksm\/refund.ahmweb.site\/wp-content\/plugins\/all-in-one-wp-migration\/lib\/vendor\/servmask\/filter\/class-ai1wm-recursive-newline-filter.php","line":28}

Feb 25 2023 18:45:45
{"type":8192,"message":"Return type of Requests_Utility_CaseInsensitiveDictionary::getIterator() should either be compatible with IteratorAggregate::getIterator(): Traversable, or the #[\\ReturnTypeWillChange] attribute should be used to temporarily suppress the notice","file":"\/home\/ahmwbksm\/refund.ahmweb.site\/wp-includes\/Requests\/Utility\/CaseInsensitiveDictionary.php","line":91}

Feb 25 2023 18:46:23
{"type":8192,"message":"Return type of Requests_Utility_CaseInsensitiveDictionary::getIterator() should either be compatible with IteratorAggregate::getIterator(): Traversable, or the #[\\ReturnTypeWillChange] attribute should be used to temporarily suppress the notice","file":"\/home\/ahmwbksm\/refund.ahmweb.site\/wp-includes\/Requests\/Utility\/CaseInsensitiveDictionary.php","line":91}

Feb 25 2023 18:47:22
{"type":8192,"message":"Return type of Requests_Utility_CaseInsensitiveDictionary::getIterator() should either be compatible with IteratorAggregate::getIterator(): Traversable, or the #[\\ReturnTypeWillChange] attribute should be used to temporarily suppress the notice","file":"\/home\/ahmwbksm\/refund.ahmweb.site\/wp-includes\/Requests\/Utility\/CaseInsensitiveDictionary.php","line":91}

Feb 25 2023 18:48:01
{"type":8192,"message":"Return type of Ai1wm_Recursive_Newline_Filter::accept() should either be compatible with FilterIterator::accept(): bool, or the #[\\ReturnTypeWillChange] attribute should be used to temporarily suppress the notice","file":"\/home\/ahmwbksm\/refund.ahmweb.site\/wp-content\/plugins\/all-in-one-wp-migration\/lib\/vendor\/servmask\/filter\/class-ai1wm-recursive-newline-filter.php","line":28}

Feb 25 2023 18:48:38
{"type":8192,"message":"Return type of Requests_Utility_CaseInsensitiveDictionary::getIterator() should either be compatible with IteratorAggregate::getIterator(): Traversable, or the #[\\ReturnTypeWillChange] attribute should be used to temporarily suppress the notice","file":"\/home\/ahmwbksm\/refund.ahmweb.site\/wp-includes\/Requests\/Utility\/CaseInsensitiveDictionary.php","line":91}

Feb 25 2023 18:49:14
{"type":8192,"message":"Return type of Ai1wm_Recursive_Newline_Filter::accept() should either be compatible with FilterIterator::accept(): bool, or the #[\\ReturnTypeWillChange] attribute should be used to temporarily suppress the notice","file":"\/home\/ahmwbksm\/refund.ahmweb.site\/wp-content\/plugins\/all-in-one-wp-migration\/lib\/vendor\/servmask\/filter\/class-ai1wm-recursive-newline-filter.php","line":28}

Feb 25 2023 18:49:49
{"type":8192,"message":"Return type of Requests_Utility_CaseInsensitiveDictionary::getIterator() should either be compatible with IteratorAggregate::getIterator(): Traversable, or the #[\\ReturnTypeWillChange] attribute should be used to temporarily suppress the notice","file":"\/home\/ahmwbksm\/refund.ahmweb.site\/wp-includes\/Requests\/Utility\/CaseInsensitiveDictionary.php","line":91}

Feb 25 2023 18:50:30
{"type":8192,"message":"Return type of Requests_Utility_CaseInsensitiveDictionary::getIterator() should either be compatible with IteratorAggregate::getIterator(): Traversable, or the #[\\ReturnTypeWillChange] attribute should be used to temporarily suppress the notice","file":"\/home\/ahmwbksm\/refund.ahmweb.site\/wp-includes\/Requests\/Utility\/CaseInsensitiveDictionary.php","line":91}

Feb 25 2023 18:51:08
{"type":8192,"message":"Return type of Ai1wm_Recursive_Newline_Filter::accept() should either be compatible with FilterIterator::accept(): bool, or the #[\\ReturnTypeWillChange] attribute should be used to temporarily suppress the notice","file":"\/home\/ahmwbksm\/refund.ahmweb.site\/wp-content\/plugins\/all-in-one-wp-migration\/lib\/vendor\/servmask\/filter\/class-ai1wm-recursive-newline-filter.php","line":28}

Feb 25 2023 18:51:49
{"type":8192,"message":"Return type of Requests_Utility_CaseInsensitiveDictionary::getIterator() should either be compatible with IteratorAggregate::getIterator(): Traversable, or the #[\\ReturnTypeWillChange] attribute should be used to temporarily suppress the notice","file":"\/home\/ahmwbksm\/refund.ahmweb.site\/wp-includes\/Requests\/Utility\/CaseInsensitiveDictionary.php","line":91}

Feb 25 2023 18:52:32
{"type":8192,"message":"Return type of Requests_Utility_CaseInsensitiveDictionary::getIterator() should either be compatible with IteratorAggregate::getIterator(): Traversable, or the #[\\ReturnTypeWillChange] attribute should be used to temporarily suppress the notice","file":"\/home\/ahmwbksm\/refund.ahmweb.site\/wp-includes\/Requests\/Utility\/CaseInsensitiveDictionary.php","line":91}

Feb 25 2023 18:53:14
{"type":8192,"message":"Return type of Ai1wm_Recursive_Newline_Filter::accept() should either be compatible with FilterIterator::accept(): bool, or the #[\\ReturnTypeWillChange] attribute should be used to temporarily suppress the notice","file":"\/home\/ahmwbksm\/refund.ahmweb.site\/wp-content\/plugins\/all-in-one-wp-migration\/lib\/vendor\/servmask\/filter\/class-ai1wm-recursive-newline-filter.php","line":28}

Feb 25 2023 18:53:59
{"type":8192,"message":"Return type of Requests_Utility_CaseInsensitiveDictionary::getIterator() should either be compatible with IteratorAggregate::getIterator(): Traversable, or the #[\\ReturnTypeWillChange] attribute should be used to temporarily suppress the notice","file":"\/home\/ahmwbksm\/refund.ahmweb.site\/wp-includes\/Requests\/Utility\/CaseInsensitiveDictionary.php","line":91}

Feb 25 2023 18:54:37
{"type":8192,"message":"Return type of Requests_Utility_CaseInsensitiveDictionary::getIterator() should either be compatible with IteratorAggregate::getIterator(): Traversable, or the #[\\ReturnTypeWillChange] attribute should be used to temporarily suppress the notice","file":"\/home\/ahmwbksm\/refund.ahmweb.site\/wp-includes\/Requests\/Utility\/CaseInsensitiveDictionary.php","line":91}

Feb 25 2023 18:55:13
{"type":8192,"message":"Return type of Ai1wm_Recursive_Newline_Filter::accept() should either be compatible with FilterIterator::accept(): bool, or the #[\\ReturnTypeWillChange] attribute should be used to temporarily suppress the notice","file":"\/home\/ahmwbksm\/refund.ahmweb.site\/wp-content\/plugins\/all-in-one-wp-migration\/lib\/vendor\/servmask\/filter\/class-ai1wm-recursive-newline-filter.php","line":28}

Feb 25 2023 18:55:52
{"type":8192,"message":"Return type of Requests_Utility_CaseInsensitiveDictionary::getIterator() should either be compatible with IteratorAggregate::getIterator(): Traversable, or the #[\\ReturnTypeWillChange] attribute should be used to temporarily suppress the notice","file":"\/home\/ahmwbksm\/refund.ahmweb.site\/wp-includes\/Requests\/Utility\/CaseInsensitiveDictionary.php","line":91}

Feb 25 2023 18:56:35
{"type":8192,"message":"Return type of Requests_Utility_CaseInsensitiveDictionary::getIterator() should either be compatible with IteratorAggregate::getIterator(): Traversable, or the #[\\ReturnTypeWillChange] attribute should be used to temporarily suppress the notice","file":"\/home\/ahmwbksm\/refund.ahmweb.site\/wp-includes\/Requests\/Utility\/CaseInsensitiveDictionary.php","line":91}

Feb 25 2023 18:57:20
{"type":8192,"message":"Return type of Requests_Utility_CaseInsensitiveDictionary::getIterator() should either be compatible with IteratorAggregate::getIterator(): Traversable, or the #[\\ReturnTypeWillChange] attribute should be used to temporarily suppress the notice","file":"\/home\/ahmwbksm\/refund.ahmweb.site\/wp-includes\/Requests\/Utility\/CaseInsensitiveDictionary.php","line":91}

Feb 25 2023 18:57:58
{"type":8192,"message":"Return type of Ai1wm_Recursive_Newline_Filter::accept() should either be compatible with FilterIterator::accept(): bool, or the #[\\ReturnTypeWillChange] attribute should be used to temporarily suppress the notice","file":"\/home\/ahmwbksm\/refund.ahmweb.site\/wp-content\/plugins\/all-in-one-wp-migration\/lib\/vendor\/servmask\/filter\/class-ai1wm-recursive-newline-filter.php","line":28}

Feb 25 2023 18:58:38
{"type":8192,"message":"Return type of Requests_Utility_CaseInsensitiveDictionary::getIterator() should either be compatible with IteratorAggregate::getIterator(): Traversable, or the #[\\ReturnTypeWillChange] attribute should be used to temporarily suppress the notice","file":"\/home\/ahmwbksm\/refund.ahmweb.site\/wp-includes\/Requests\/Utility\/CaseInsensitiveDictionary.php","line":91}

Feb 25 2023 18:59:18
{"type":8192,"message":"Return type of Requests_Utility_CaseInsensitiveDictionary::getIterator() should either be compatible with IteratorAggregate::getIterator(): Traversable, or the #[\\ReturnTypeWillChange] attribute should be used to temporarily suppress the notice","file":"\/home\/ahmwbksm\/refund.ahmweb.site\/wp-includes\/Requests\/Utility\/CaseInsensitiveDictionary.php","line":91}

Feb 25 2023 18:59:58
{"type":8192,"message":"Return type of Ai1wm_Recursive_Newline_Filter::accept() should either be compatible with FilterIterator::accept(): bool, or the #[\\ReturnTypeWillChange] attribute should be used to temporarily suppress the notice","file":"\/home\/ahmwbksm\/refund.ahmweb.site\/wp-content\/plugins\/all-in-one-wp-migration\/lib\/vendor\/servmask\/filter\/class-ai1wm-recursive-newline-filter.php","line":28}

Feb 25 2023 19:00:11
{"type":8192,"message":"Return type of Ai1wm_Recursive_Newline_Filter::accept() should either be compatible with FilterIterator::accept(): bool, or the #[\\ReturnTypeWillChange] attribute should be used to temporarily suppress the notice","file":"\/home\/ahmwbksm\/refund.ahmweb.site\/wp-content\/plugins\/all-in-one-wp-migration\/lib\/vendor\/servmask\/filter\/class-ai1wm-recursive-newline-filter.php","line":28}

Feb 25 2023 19:00:11
{"type":8192,"message":"Return type of Ai1wm_Recursive_Newline_Filter::accept() should either be compatible with FilterIterator::accept(): bool, or the #[\\ReturnTypeWillChange] attribute should be used to temporarily suppress the notice","file":"\/home\/ahmwbksm\/refund.ahmweb.site\/wp-content\/plugins\/all-in-one-wp-migration\/lib\/vendor\/servmask\/filter\/class-ai1wm-recursive-newline-filter.php","line":28}

Feb 25 2023 19:00:12
{"type":8192,"message":"Return type of Ai1wm_Recursive_Newline_Filter::accept() should either be compatible with FilterIterator::accept(): bool, or the #[\\ReturnTypeWillChange] attribute should be used to temporarily suppress the notice","file":"\/home\/ahmwbksm\/refund.ahmweb.site\/wp-content\/plugins\/all-in-one-wp-migration\/lib\/vendor\/servmask\/filter\/class-ai1wm-recursive-newline-filter.php","line":28}

Feb 25 2023 19:00:13
{"type":8192,"message":"Return type of Ai1wm_Recursive_Newline_Filter::accept() should either be compatible with FilterIterator::accept(): bool, or the #[\\ReturnTypeWillChange] attribute should be used to temporarily suppress the notice","file":"\/home\/ahmwbksm\/refund.ahmweb.site\/wp-content\/plugins\/all-in-one-wp-migration\/lib\/vendor\/servmask\/filter\/class-ai1wm-recursive-newline-filter.php","line":28}

Feb 25 2023 19:00:53
{"type":8192,"message":"Return type of Ai1wm_Recursive_Newline_Filter::accept() should either be compatible with FilterIterator::accept(): bool, or the #[\\ReturnTypeWillChange] attribute should be used to temporarily suppress the notice","file":"\/home\/ahmwbksm\/refund.ahmweb.site\/wp-content\/plugins\/all-in-one-wp-migration\/lib\/vendor\/servmask\/filter\/class-ai1wm-recursive-newline-filter.php","line":28}

Feb 25 2023 19:00:53
{"type":8192,"message":"Return type of Ai1wm_Recursive_Newline_Filter::accept() should either be compatible with FilterIterator::accept(): bool, or the #[\\ReturnTypeWillChange] attribute should be used to temporarily suppress the notice","file":"\/home\/ahmwbksm\/refund.ahmweb.site\/wp-content\/plugins\/all-in-one-wp-migration\/lib\/vendor\/servmask\/filter\/class-ai1wm-recursive-newline-filter.php","line":28}

Feb 25 2023 19:00:58
{"type":8192,"message":"Return type of Ai1wm_Recursive_Newline_Filter::accept() should either be compatible with FilterIterator::accept(): bool, or the #[\\ReturnTypeWillChange] attribute should be used to temporarily suppress the notice","file":"\/home\/ahmwbksm\/refund.ahmweb.site\/wp-content\/plugins\/all-in-one-wp-migration\/lib\/vendor\/servmask\/filter\/class-ai1wm-recursive-newline-filter.php","line":28}

Feb 25 2023 19:00:58
{"type":8192,"message":"Return type of Ai1wm_Recursive_Newline_Filter::accept() should either be compatible with FilterIterator::accept(): bool, or the #[\\ReturnTypeWillChange] attribute should be used to temporarily suppress the notice","file":"\/home\/ahmwbksm\/refund.ahmweb.site\/wp-content\/plugins\/all-in-one-wp-migration\/lib\/vendor\/servmask\/filter\/class-ai1wm-recursive-newline-filter.php","line":28}

Feb 25 2023 19:00:59
{"Number":8192,"Message":"rtrim(): Passing null to parameter #1 ($string) of type string is deprecated","File":"\/home\/ahmwbksm\/refund.ahmweb.site\/wp-includes\/formatting.php","Line":2785}

Feb 25 2023 19:00:59
{"Number":8192,"Message":"rtrim(): Passing null to parameter #1 ($string) of type string is deprecated","File":"\/home\/ahmwbksm\/refund.ahmweb.site\/wp-includes\/formatting.php","Line":2785}

Feb 25 2023 19:00:59
{"Number":8192,"Message":"rtrim(): Passing null to parameter #1 ($string) of type string is deprecated","File":"\/home\/ahmwbksm\/refund.ahmweb.site\/wp-includes\/formatting.php","Line":2785}

Feb 25 2023 19:00:59
{"Number":8192,"Message":"rtrim(): Passing null to parameter #1 ($string) of type string is deprecated","File":"\/home\/ahmwbksm\/refund.ahmweb.site\/wp-includes\/formatting.php","Line":2785}

Feb 25 2023 19:00:59
{"Number":8192,"Message":"rtrim(): Passing null to parameter #1 ($string) of type string is deprecated","File":"\/home\/ahmwbksm\/refund.ahmweb.site\/wp-includes\/formatting.php","Line":2785}

Feb 25 2023 19:00:59
{"Number":8192,"Message":"rtrim(): Passing null to parameter #1 ($string) of type string is deprecated","File":"\/home\/ahmwbksm\/refund.ahmweb.site\/wp-includes\/formatting.php","Line":2785}

Feb 25 2023 19:01:02
{"type":8192,"message":"Return type of Ai1wm_Recursive_Newline_Filter::accept() should either be compatible with FilterIterator::accept(): bool, or the #[\\ReturnTypeWillChange] attribute should be used to temporarily suppress the notice","file":"\/home\/ahmwbksm\/refund.ahmweb.site\/wp-content\/plugins\/all-in-one-wp-migration\/lib\/vendor\/servmask\/filter\/class-ai1wm-recursive-newline-filter.php","line":28}

Feb 25 2023 19:01:03
{"type":8192,"message":"Return type of Ai1wm_Recursive_Newline_Filter::accept() should either be compatible with FilterIterator::accept(): bool, or the #[\\ReturnTypeWillChange] attribute should be used to temporarily suppress the notice","file":"\/home\/ahmwbksm\/refund.ahmweb.site\/wp-content\/plugins\/all-in-one-wp-migration\/lib\/vendor\/servmask\/filter\/class-ai1wm-recursive-newline-filter.php","line":28}

Feb 25 2023 19:01:04
{"type":8192,"message":"Return type of Requests_Utility_CaseInsensitiveDictionary::getIterator() should either be compatible with IteratorAggregate::getIterator(): Traversable, or the #[\\ReturnTypeWillChange] attribute should be used to temporarily suppress the notice","file":"\/home\/ahmwbksm\/refund.ahmweb.site\/wp-includes\/Requests\/Utility\/CaseInsensitiveDictionary.php","line":91}

Feb 27 2023 10:35:19
{"Number":8192,"Message":"explode(): Passing null to parameter #2 ($string) of type string is deprecated","File":"\/home\/ahmwbksm\/refund.ahmweb.site\/wp-content\/plugins\/all-in-one-wp-migration\/functions.php","Line":338}

Feb 27 2023 10:35:19
{"type":8192,"message":"Return type of Ai1wm_Recursive_Newline_Filter::accept() should either be compatible with FilterIterator::accept(): bool, or the #[\\ReturnTypeWillChange] attribute should be used to temporarily suppress the notice","file":"\/home\/ahmwbksm\/refund.ahmweb.site\/wp-content\/plugins\/all-in-one-wp-migration\/lib\/vendor\/servmask\/filter\/class-ai1wm-recursive-newline-filter.php","line":28}

Feb 27 2023 10:35:20
{"type":8192,"message":"Return type of Ai1wm_Recursive_Newline_Filter::accept() should either be compatible with FilterIterator::accept(): bool, or the #[\\ReturnTypeWillChange] attribute should be used to temporarily suppress the notice","file":"\/home\/ahmwbksm\/refund.ahmweb.site\/wp-content\/plugins\/all-in-one-wp-migration\/lib\/vendor\/servmask\/filter\/class-ai1wm-recursive-newline-filter.php","line":28}

Feb 27 2023 10:35:21
{"type":8192,"message":"Return type of Ai1wm_Recursive_Newline_Filter::accept() should either be compatible with FilterIterator::accept(): bool, or the #[\\ReturnTypeWillChange] attribute should be used to temporarily suppress the notice","file":"\/home\/ahmwbksm\/refund.ahmweb.site\/wp-content\/plugins\/all-in-one-wp-migration\/lib\/vendor\/servmask\/filter\/class-ai1wm-recursive-newline-filter.php","line":28}

Feb 27 2023 10:35:22
{"type":8192,"message":"Return type of Ai1wm_Recursive_Newline_Filter::accept() should either be compatible with FilterIterator::accept(): bool, or the #[\\ReturnTypeWillChange] attribute should be used to temporarily suppress the notice","file":"\/home\/ahmwbksm\/refund.ahmweb.site\/wp-content\/plugins\/all-in-one-wp-migration\/lib\/vendor\/servmask\/filter\/class-ai1wm-recursive-newline-filter.php","line":28}

Feb 27 2023 10:35:23
{"type":8192,"message":"Return type of Ai1wm_Recursive_Newline_Filter::accept() should either be compatible with FilterIterator::accept(): bool, or the #[\\ReturnTypeWillChange] attribute should be used to temporarily suppress the notice","file":"\/home\/ahmwbksm\/refund.ahmweb.site\/wp-content\/plugins\/all-in-one-wp-migration\/lib\/vendor\/servmask\/filter\/class-ai1wm-recursive-newline-filter.php","line":28}

Feb 27 2023 10:35:33
{"type":8192,"message":"Return type of Ai1wm_Recursive_Newline_Filter::accept() should either be compatible with FilterIterator::accept(): bool, or the #[\\ReturnTypeWillChange] attribute should be used to temporarily suppress the notice","file":"\/home\/ahmwbksm\/refund.ahmweb.site\/wp-content\/plugins\/all-in-one-wp-migration\/lib\/vendor\/servmask\/filter\/class-ai1wm-recursive-newline-filter.php","line":28}

Feb 27 2023 10:35:38
{"type":8192,"message":"Return type of Ai1wm_Recursive_Newline_Filter::accept() should either be compatible with FilterIterator::accept(): bool, or the #[\\ReturnTypeWillChange] attribute should be used to temporarily suppress the notice","file":"\/home\/ahmwbksm\/refund.ahmweb.site\/wp-content\/plugins\/all-in-one-wp-migration\/lib\/vendor\/servmask\/filter\/class-ai1wm-recursive-newline-filter.php","line":28}

Feb 27 2023 10:35:40
{"type":8192,"message":"Return type of Ai1wm_Recursive_Newline_Filter::accept() should either be compatible with FilterIterator::accept(): bool, or the #[\\ReturnTypeWillChange] attribute should be used to temporarily suppress the notice","file":"\/home\/ahmwbksm\/refund.ahmweb.site\/wp-content\/plugins\/all-in-one-wp-migration\/lib\/vendor\/servmask\/filter\/class-ai1wm-recursive-newline-filter.php","line":28}

Feb 27 2023 10:35:42
{"type":8192,"message":"Return type of Ai1wm_Recursive_Newline_Filter::accept() should either be compatible with FilterIterator::accept(): bool, or the #[\\ReturnTypeWillChange] attribute should be used to temporarily suppress the notice","file":"\/home\/ahmwbksm\/refund.ahmweb.site\/wp-content\/plugins\/all-in-one-wp-migration\/lib\/vendor\/servmask\/filter\/class-ai1wm-recursive-newline-filter.php","line":28}

Feb 27 2023 10:35:42
{"type":8192,"message":"Return type of Ai1wm_Recursive_Newline_Filter::accept() should either be compatible with FilterIterator::accept(): bool, or the #[\\ReturnTypeWillChange] attribute should be used to temporarily suppress the notice","file":"\/home\/ahmwbksm\/refund.ahmweb.site\/wp-content\/plugins\/all-in-one-wp-migration\/lib\/vendor\/servmask\/filter\/class-ai1wm-recursive-newline-filter.php","line":28}

Feb 27 2023 10:35:43
{"type":8192,"message":"Return type of Ai1wm_Recursive_Newline_Filter::accept() should either be compatible with FilterIterator::accept(): bool, or the #[\\ReturnTypeWillChange] attribute should be used to temporarily suppress the notice","file":"\/home\/ahmwbksm\/refund.ahmweb.site\/wp-content\/plugins\/all-in-one-wp-migration\/lib\/vendor\/servmask\/filter\/class-ai1wm-recursive-newline-filter.php","line":28}

Feb 27 2023 10:52:17
{"type":8192,"message":"Return type of Requests_Utility_CaseInsensitiveDictionary::getIterator() should either be compatible with IteratorAggregate::getIterator(): Traversable, or the #[\\ReturnTypeWillChange] attribute should be used to temporarily suppress the notice","file":"\/home\/ahmwbksm\/refund.ahmweb.site\/wp-includes\/Requests\/Utility\/CaseInsensitiveDictionary.php","line":91}

Feb 27 2023 10:52:55
{"type":8192,"message":"Return type of Ai1wm_Recursive_Newline_Filter::accept() should either be compatible with FilterIterator::accept(): bool, or the #[\\ReturnTypeWillChange] attribute should be used to temporarily suppress the notice","file":"\/home\/ahmwbksm\/refund.ahmweb.site\/wp-content\/plugins\/all-in-one-wp-migration\/lib\/vendor\/servmask\/filter\/class-ai1wm-recursive-newline-filter.php","line":28}

Feb 27 2023 10:53:25
{"type":8192,"message":"Return type of Requests_Utility_CaseInsensitiveDictionary::getIterator() should either be compatible with IteratorAggregate::getIterator(): Traversable, or the #[\\ReturnTypeWillChange] attribute should be used to temporarily suppress the notice","file":"\/home\/ahmwbksm\/refund.ahmweb.site\/wp-includes\/Requests\/Utility\/CaseInsensitiveDictionary.php","line":91}

Feb 27 2023 10:53:55
{"type":8192,"message":"Return type of Ai1wm_Recursive_Newline_Filter::accept() should either be compatible with FilterIterator::accept(): bool, or the #[\\ReturnTypeWillChange] attribute should be used to temporarily suppress the notice","file":"\/home\/ahmwbksm\/refund.ahmweb.site\/wp-content\/plugins\/all-in-one-wp-migration\/lib\/vendor\/servmask\/filter\/class-ai1wm-recursive-newline-filter.php","line":28}

Feb 27 2023 10:54:27
{"type":8192,"message":"Return type of Requests_Utility_CaseInsensitiveDictionary::getIterator() should either be compatible with IteratorAggregate::getIterator(): Traversable, or the #[\\ReturnTypeWillChange] attribute should be used to temporarily suppress the notice","file":"\/home\/ahmwbksm\/refund.ahmweb.site\/wp-includes\/Requests\/Utility\/CaseInsensitiveDictionary.php","line":91}

Feb 27 2023 10:54:56
{"type":8192,"message":"Return type of Ai1wm_Recursive_Newline_Filter::accept() should either be compatible with FilterIterator::accept(): bool, or the #[\\ReturnTypeWillChange] attribute should be used to temporarily suppress the notice","file":"\/home\/ahmwbksm\/refund.ahmweb.site\/wp-content\/plugins\/all-in-one-wp-migration\/lib\/vendor\/servmask\/filter\/class-ai1wm-recursive-newline-filter.php","line":28}

Feb 27 2023 10:55:26
{"type":8192,"message":"Return type of Requests_Utility_CaseInsensitiveDictionary::getIterator() should either be compatible with IteratorAggregate::getIterator(): Traversable, or the #[\\ReturnTypeWillChange] attribute should be used to temporarily suppress the notice","file":"\/home\/ahmwbksm\/refund.ahmweb.site\/wp-includes\/Requests\/Utility\/CaseInsensitiveDictionary.php","line":91}

Feb 27 2023 10:56:01
{"type":8192,"message":"Return type of Requests_Utility_CaseInsensitiveDictionary::getIterator() should either be compatible with IteratorAggregate::getIterator(): Traversable, or the #[\\ReturnTypeWillChange] attribute should be used to temporarily suppress the notice","file":"\/home\/ahmwbksm\/refund.ahmweb.site\/wp-includes\/Requests\/Utility\/CaseInsensitiveDictionary.php","line":91}

Feb 27 2023 10:56:36
{"type":8192,"message":"Return type of Requests_Utility_CaseInsensitiveDictionary::getIterator() should either be compatible with IteratorAggregate::getIterator(): Traversable, or the #[\\ReturnTypeWillChange] attribute should be used to temporarily suppress the notice","file":"\/home\/ahmwbksm\/refund.ahmweb.site\/wp-includes\/Requests\/Utility\/CaseInsensitiveDictionary.php","line":91}

Feb 27 2023 10:57:09
{"type":8192,"message":"Return type of Requests_Utility_CaseInsensitiveDictionary::getIterator() should either be compatible with IteratorAggregate::getIterator(): Traversable, or the #[\\ReturnTypeWillChange] attribute should be used to temporarily suppress the notice","file":"\/home\/ahmwbksm\/refund.ahmweb.site\/wp-includes\/Requests\/Utility\/CaseInsensitiveDictionary.php","line":91}

Feb 27 2023 10:57:43
{"type":8192,"message":"Return type of Ai1wm_Recursive_Newline_Filter::accept() should either be compatible with FilterIterator::accept(): bool, or the #[\\ReturnTypeWillChange] attribute should be used to temporarily suppress the notice","file":"\/home\/ahmwbksm\/refund.ahmweb.site\/wp-content\/plugins\/all-in-one-wp-migration\/lib\/vendor\/servmask\/filter\/class-ai1wm-recursive-newline-filter.php","line":28}

Feb 27 2023 10:58:18
{"type":8192,"message":"Return type of Requests_Utility_CaseInsensitiveDictionary::getIterator() should either be compatible with IteratorAggregate::getIterator(): Traversable, or the #[\\ReturnTypeWillChange] attribute should be used to temporarily suppress the notice","file":"\/home\/ahmwbksm\/refund.ahmweb.site\/wp-includes\/Requests\/Utility\/CaseInsensitiveDictionary.php","line":91}

Feb 27 2023 10:58:52
{"type":8192,"message":"Return type of Ai1wm_Recursive_Newline_Filter::accept() should either be compatible with FilterIterator::accept(): bool, or the #[\\ReturnTypeWillChange] attribute should be used to temporarily suppress the notice","file":"\/home\/ahmwbksm\/refund.ahmweb.site\/wp-content\/plugins\/all-in-one-wp-migration\/lib\/vendor\/servmask\/filter\/class-ai1wm-recursive-newline-filter.php","line":28}

Feb 27 2023 10:59:23
{"type":8192,"message":"Return type of Requests_Utility_CaseInsensitiveDictionary::getIterator() should either be compatible with IteratorAggregate::getIterator(): Traversable, or the #[\\ReturnTypeWillChange] attribute should be used to temporarily suppress the notice","file":"\/home\/ahmwbksm\/refund.ahmweb.site\/wp-includes\/Requests\/Utility\/CaseInsensitiveDictionary.php","line":91}

Feb 27 2023 11:00:02
{"type":8192,"message":"Return type of Requests_Utility_CaseInsensitiveDictionary::getIterator() should either be compatible with IteratorAggregate::getIterator(): Traversable, or the #[\\ReturnTypeWillChange] attribute should be used to temporarily suppress the notice","file":"\/home\/ahmwbksm\/refund.ahmweb.site\/wp-includes\/Requests\/Utility\/CaseInsensitiveDictionary.php","line":91}

Feb 27 2023 11:00:43
{"type":8192,"message":"Return type of Ai1wm_Recursive_Newline_Filter::accept() should either be compatible with FilterIterator::accept(): bool, or the #[\\ReturnTypeWillChange] attribute should be used to temporarily suppress the notice","file":"\/home\/ahmwbksm\/refund.ahmweb.site\/wp-content\/plugins\/all-in-one-wp-migration\/lib\/vendor\/servmask\/filter\/class-ai1wm-recursive-newline-filter.php","line":28}

Feb 27 2023 11:01:16
{"type":8192,"message":"Return type of Requests_Utility_CaseInsensitiveDictionary::getIterator() should either be compatible with IteratorAggregate::getIterator(): Traversable, or the #[\\ReturnTypeWillChange] attribute should be used to temporarily suppress the notice","file":"\/home\/ahmwbksm\/refund.ahmweb.site\/wp-includes\/Requests\/Utility\/CaseInsensitiveDictionary.php","line":91}

Feb 27 2023 11:01:46
{"type":8192,"message":"Return type of Ai1wm_Recursive_Newline_Filter::accept() should either be compatible with FilterIterator::accept(): bool, or the #[\\ReturnTypeWillChange] attribute should be used to temporarily suppress the notice","file":"\/home\/ahmwbksm\/refund.ahmweb.site\/wp-content\/plugins\/all-in-one-wp-migration\/lib\/vendor\/servmask\/filter\/class-ai1wm-recursive-newline-filter.php","line":28}

Feb 27 2023 11:02:21
{"type":8192,"message":"Return type of Requests_Utility_CaseInsensitiveDictionary::getIterator() should either be compatible with IteratorAggregate::getIterator(): Traversable, or the #[\\ReturnTypeWillChange] attribute should be used to temporarily suppress the notice","file":"\/home\/ahmwbksm\/refund.ahmweb.site\/wp-includes\/Requests\/Utility\/CaseInsensitiveDictionary.php","line":91}

Feb 27 2023 11:03:00
{"type":8192,"message":"Return type of Requests_Utility_CaseInsensitiveDictionary::getIterator() should either be compatible with IteratorAggregate::getIterator(): Traversable, or the #[\\ReturnTypeWillChange] attribute should be used to temporarily suppress the notice","file":"\/home\/ahmwbksm\/refund.ahmweb.site\/wp-includes\/Requests\/Utility\/CaseInsensitiveDictionary.php","line":91}

Feb 27 2023 11:03:33
{"type":8192,"message":"Return type of Ai1wm_Recursive_Newline_Filter::accept() should either be compatible with FilterIterator::accept(): bool, or the #[\\ReturnTypeWillChange] attribute should be used to temporarily suppress the notice","file":"\/home\/ahmwbksm\/refund.ahmweb.site\/wp-content\/plugins\/all-in-one-wp-migration\/lib\/vendor\/servmask\/filter\/class-ai1wm-recursive-newline-filter.php","line":28}

Feb 27 2023 11:04:06
{"type":8192,"message":"Return type of Requests_Utility_CaseInsensitiveDictionary::getIterator() should either be compatible with IteratorAggregate::getIterator(): Traversable, or the #[\\ReturnTypeWillChange] attribute should be used to temporarily suppress the notice","file":"\/home\/ahmwbksm\/refund.ahmweb.site\/wp-includes\/Requests\/Utility\/CaseInsensitiveDictionary.php","line":91}

Feb 27 2023 11:04:40
{"type":8192,"message":"Return type of Ai1wm_Recursive_Newline_Filter::accept() should either be compatible with FilterIterator::accept(): bool, or the #[\\ReturnTypeWillChange] attribute should be used to temporarily suppress the notice","file":"\/home\/ahmwbksm\/refund.ahmweb.site\/wp-content\/plugins\/all-in-one-wp-migration\/lib\/vendor\/servmask\/filter\/class-ai1wm-recursive-newline-filter.php","line":28}

Feb 27 2023 11:05:16
{"type":8192,"message":"Return type of Requests_Utility_CaseInsensitiveDictionary::getIterator() should either be compatible with IteratorAggregate::getIterator(): Traversable, or the #[\\ReturnTypeWillChange] attribute should be used to temporarily suppress the notice","file":"\/home\/ahmwbksm\/refund.ahmweb.site\/wp-includes\/Requests\/Utility\/CaseInsensitiveDictionary.php","line":91}

Feb 27 2023 11:05:49
{"type":8192,"message":"Return type of Ai1wm_Recursive_Newline_Filter::accept() should either be compatible with FilterIterator::accept(): bool, or the #[\\ReturnTypeWillChange] attribute should be used to temporarily suppress the notice","file":"\/home\/ahmwbksm\/refund.ahmweb.site\/wp-content\/plugins\/all-in-one-wp-migration\/lib\/vendor\/servmask\/filter\/class-ai1wm-recursive-newline-filter.php","line":28}

Feb 27 2023 11:06:22
{"type":8192,"message":"Return type of Requests_Utility_CaseInsensitiveDictionary::getIterator() should either be compatible with IteratorAggregate::getIterator(): Traversable, or the #[\\ReturnTypeWillChange] attribute should be used to temporarily suppress the notice","file":"\/home\/ahmwbksm\/refund.ahmweb.site\/wp-includes\/Requests\/Utility\/CaseInsensitiveDictionary.php","line":91}

Feb 27 2023 11:06:54
{"type":8192,"message":"Return type of Ai1wm_Recursive_Newline_Filter::accept() should either be compatible with FilterIterator::accept(): bool, or the #[\\ReturnTypeWillChange] attribute should be used to temporarily suppress the notice","file":"\/home\/ahmwbksm\/refund.ahmweb.site\/wp-content\/plugins\/all-in-one-wp-migration\/lib\/vendor\/servmask\/filter\/class-ai1wm-recursive-newline-filter.php","line":28}

Feb 27 2023 11:07:30
{"type":8192,"message":"Return type of Requests_Utility_CaseInsensitiveDictionary::getIterator() should either be compatible with IteratorAggregate::getIterator(): Traversable, or the #[\\ReturnTypeWillChange] attribute should be used to temporarily suppress the notice","file":"\/home\/ahmwbksm\/refund.ahmweb.site\/wp-includes\/Requests\/Utility\/CaseInsensitiveDictionary.php","line":91}

Feb 27 2023 11:08:03
{"type":8192,"message":"Return type of Requests_Utility_CaseInsensitiveDictionary::getIterator() should either be compatible with IteratorAggregate::getIterator(): Traversable, or the #[\\ReturnTypeWillChange] attribute should be used to temporarily suppress the notice","file":"\/home\/ahmwbksm\/refund.ahmweb.site\/wp-includes\/Requests\/Utility\/CaseInsensitiveDictionary.php","line":91}

Feb 27 2023 11:08:37
{"type":8192,"message":"Return type of Ai1wm_Recursive_Newline_Filter::accept() should either be compatible with FilterIterator::accept(): bool, or the #[\\ReturnTypeWillChange] attribute should be used to temporarily suppress the notice","file":"\/home\/ahmwbksm\/refund.ahmweb.site\/wp-content\/plugins\/all-in-one-wp-migration\/lib\/vendor\/servmask\/filter\/class-ai1wm-recursive-newline-filter.php","line":28}

Feb 27 2023 11:09:08
{"type":8192,"message":"Return type of Requests_Utility_CaseInsensitiveDictionary::getIterator() should either be compatible with IteratorAggregate::getIterator(): Traversable, or the #[\\ReturnTypeWillChange] attribute should be used to temporarily suppress the notice","file":"\/home\/ahmwbksm\/refund.ahmweb.site\/wp-includes\/Requests\/Utility\/CaseInsensitiveDictionary.php","line":91}

Feb 27 2023 11:10:17
{"type":8192,"message":"Return type of Requests_Utility_CaseInsensitiveDictionary::getIterator() should either be compatible with IteratorAggregate::getIterator(): Traversable, or the #[\\ReturnTypeWillChange] attribute should be used to temporarily suppress the notice","file":"\/home\/ahmwbksm\/refund.ahmweb.site\/wp-includes\/Requests\/Utility\/CaseInsensitiveDictionary.php","line":91}

Feb 27 2023 11:10:46
{"type":8192,"message":"Return type of Ai1wm_Recursive_Newline_Filter::accept() should either be compatible with FilterIterator::accept(): bool, or the #[\\ReturnTypeWillChange] attribute should be used to temporarily suppress the notice","file":"\/home\/ahmwbksm\/refund.ahmweb.site\/wp-content\/plugins\/all-in-one-wp-migration\/lib\/vendor\/servmask\/filter\/class-ai1wm-recursive-newline-filter.php","line":28}

Feb 27 2023 11:11:18
{"type":8192,"message":"Return type of Requests_Utility_CaseInsensitiveDictionary::getIterator() should either be compatible with IteratorAggregate::getIterator(): Traversable, or the #[\\ReturnTypeWillChange] attribute should be used to temporarily suppress the notice","file":"\/home\/ahmwbksm\/refund.ahmweb.site\/wp-includes\/Requests\/Utility\/CaseInsensitiveDictionary.php","line":91}

Feb 27 2023 11:11:49
{"type":8192,"message":"Return type of Ai1wm_Recursive_Newline_Filter::accept() should either be compatible with FilterIterator::accept(): bool, or the #[\\ReturnTypeWillChange] attribute should be used to temporarily suppress the notice","file":"\/home\/ahmwbksm\/refund.ahmweb.site\/wp-content\/plugins\/all-in-one-wp-migration\/lib\/vendor\/servmask\/filter\/class-ai1wm-recursive-newline-filter.php","line":28}

Feb 27 2023 11:12:18
{"type":8192,"message":"Return type of Requests_Utility_CaseInsensitiveDictionary::getIterator() should either be compatible with IteratorAggregate::getIterator(): Traversable, or the #[\\ReturnTypeWillChange] attribute should be used to temporarily suppress the notice","file":"\/home\/ahmwbksm\/refund.ahmweb.site\/wp-includes\/Requests\/Utility\/CaseInsensitiveDictionary.php","line":91}

Feb 27 2023 11:12:52
{"type":8192,"message":"Return type of Ai1wm_Recursive_Newline_Filter::accept() should either be compatible with FilterIterator::accept(): bool, or the #[\\ReturnTypeWillChange] attribute should be used to temporarily suppress the notice","file":"\/home\/ahmwbksm\/refund.ahmweb.site\/wp-content\/plugins\/all-in-one-wp-migration\/lib\/vendor\/servmask\/filter\/class-ai1wm-recursive-newline-filter.php","line":28}

Feb 27 2023 11:13:23
{"type":8192,"message":"Return type of Requests_Utility_CaseInsensitiveDictionary::getIterator() should either be compatible with IteratorAggregate::getIterator(): Traversable, or the #[\\ReturnTypeWillChange] attribute should be used to temporarily suppress the notice","file":"\/home\/ahmwbksm\/refund.ahmweb.site\/wp-includes\/Requests\/Utility\/CaseInsensitiveDictionary.php","line":91}

Feb 27 2023 11:13:56
{"type":8192,"message":"Return type of Ai1wm_Recursive_Newline_Filter::accept() should either be compatible with FilterIterator::accept(): bool, or the #[\\ReturnTypeWillChange] attribute should be used to temporarily suppress the notice","file":"\/home\/ahmwbksm\/refund.ahmweb.site\/wp-content\/plugins\/all-in-one-wp-migration\/lib\/vendor\/servmask\/filter\/class-ai1wm-recursive-newline-filter.php","line":28}

Feb 27 2023 11:14:30
{"type":8192,"message":"Return type of Requests_Utility_CaseInsensitiveDictionary::getIterator() should either be compatible with IteratorAggregate::getIterator(): Traversable, or the #[\\ReturnTypeWillChange] attribute should be used to temporarily suppress the notice","file":"\/home\/ahmwbksm\/refund.ahmweb.site\/wp-includes\/Requests\/Utility\/CaseInsensitiveDictionary.php","line":91}

Feb 27 2023 11:14:59
{"type":8192,"message":"Return type of Requests_Utility_CaseInsensitiveDictionary::getIterator() should either be compatible with IteratorAggregate::getIterator(): Traversable, or the #[\\ReturnTypeWillChange] attribute should be used to temporarily suppress the notice","file":"\/home\/ahmwbksm\/refund.ahmweb.site\/wp-includes\/Requests\/Utility\/CaseInsensitiveDictionary.php","line":91}

Feb 27 2023 11:15:32
{"type":8192,"message":"Return type of Ai1wm_Recursive_Newline_Filter::accept() should either be compatible with FilterIterator::accept(): bool, or the #[\\ReturnTypeWillChange] attribute should be used to temporarily suppress the notice","file":"\/home\/ahmwbksm\/refund.ahmweb.site\/wp-content\/plugins\/all-in-one-wp-migration\/lib\/vendor\/servmask\/filter\/class-ai1wm-recursive-newline-filter.php","line":28}

Feb 27 2023 11:16:04
{"type":8192,"message":"Return type of Requests_Utility_CaseInsensitiveDictionary::getIterator() should either be compatible with IteratorAggregate::getIterator(): Traversable, or the #[\\ReturnTypeWillChange] attribute should be used to temporarily suppress the notice","file":"\/home\/ahmwbksm\/refund.ahmweb.site\/wp-includes\/Requests\/Utility\/CaseInsensitiveDictionary.php","line":91}

Feb 27 2023 11:16:34
{"type":8192,"message":"Return type of Ai1wm_Recursive_Newline_Filter::accept() should either be compatible with FilterIterator::accept(): bool, or the #[\\ReturnTypeWillChange] attribute should be used to temporarily suppress the notice","file":"\/home\/ahmwbksm\/refund.ahmweb.site\/wp-content\/plugins\/all-in-one-wp-migration\/lib\/vendor\/servmask\/filter\/class-ai1wm-recursive-newline-filter.php","line":28}

Feb 27 2023 11:17:05
{"type":8192,"message":"Return type of Requests_Utility_CaseInsensitiveDictionary::getIterator() should either be compatible with IteratorAggregate::getIterator(): Traversable, or the #[\\ReturnTypeWillChange] attribute should be used to temporarily suppress the notice","file":"\/home\/ahmwbksm\/refund.ahmweb.site\/wp-includes\/Requests\/Utility\/CaseInsensitiveDictionary.php","line":91}

Feb 27 2023 11:17:23
{"type":8192,"message":"Return type of Ai1wm_Recursive_Newline_Filter::accept() should either be compatible with FilterIterator::accept(): bool, or the #[\\ReturnTypeWillChange] attribute should be used to temporarily suppress the notice","file":"\/home\/ahmwbksm\/refund.ahmweb.site\/wp-content\/plugins\/all-in-one-wp-migration\/lib\/vendor\/servmask\/filter\/class-ai1wm-recursive-newline-filter.php","line":28}

Feb 27 2023 11:17:23
{"type":8192,"message":"Return type of Ai1wm_Recursive_Newline_Filter::accept() should either be compatible with FilterIterator::accept(): bool, or the #[\\ReturnTypeWillChange] attribute should be used to temporarily suppress the notice","file":"\/home\/ahmwbksm\/refund.ahmweb.site\/wp-content\/plugins\/all-in-one-wp-migration\/lib\/vendor\/servmask\/filter\/class-ai1wm-recursive-newline-filter.php","line":28}

Feb 27 2023 11:17:25
{"type":8192,"message":"Return type of Ai1wm_Recursive_Newline_Filter::accept() should either be compatible with FilterIterator::accept(): bool, or the #[\\ReturnTypeWillChange] attribute should be used to temporarily suppress the notice","file":"\/home\/ahmwbksm\/refund.ahmweb.site\/wp-content\/plugins\/all-in-one-wp-migration\/lib\/vendor\/servmask\/filter\/class-ai1wm-recursive-newline-filter.php","line":28}

Feb 27 2023 11:17:25
{"type":8192,"message":"Return type of Ai1wm_Recursive_Newline_Filter::accept() should either be compatible with FilterIterator::accept(): bool, or the #[\\ReturnTypeWillChange] attribute should be used to temporarily suppress the notice","file":"\/home\/ahmwbksm\/refund.ahmweb.site\/wp-content\/plugins\/all-in-one-wp-migration\/lib\/vendor\/servmask\/filter\/class-ai1wm-recursive-newline-filter.php","line":28}

Feb 27 2023 11:18:17
{"type":8192,"message":"Return type of Requests_Utility_CaseInsensitiveDictionary::getIterator() should either be compatible with IteratorAggregate::getIterator(): Traversable, or the #[\\ReturnTypeWillChange] attribute should be used to temporarily suppress the notice","file":"\/home\/ahmwbksm\/refund.ahmweb.site\/wp-includes\/Requests\/Utility\/CaseInsensitiveDictionary.php","line":91}

Feb 27 2023 11:18:17
{"type":8192,"message":"Return type of Ai1wm_Recursive_Newline_Filter::accept() should either be compatible with FilterIterator::accept(): bool, or the #[\\ReturnTypeWillChange] attribute should be used to temporarily suppress the notice","file":"\/home\/ahmwbksm\/refund.ahmweb.site\/wp-content\/plugins\/all-in-one-wp-migration\/lib\/vendor\/servmask\/filter\/class-ai1wm-recursive-newline-filter.php","line":28}

Feb 27 2023 11:18:24
{"type":8192,"message":"Return type of Ai1wm_Recursive_Newline_Filter::accept() should either be compatible with FilterIterator::accept(): bool, or the #[\\ReturnTypeWillChange] attribute should be used to temporarily suppress the notice","file":"\/home\/ahmwbksm\/refund.ahmweb.site\/wp-content\/plugins\/all-in-one-wp-migration\/lib\/vendor\/servmask\/filter\/class-ai1wm-recursive-newline-filter.php","line":28}

Feb 27 2023 11:18:24
{"type":8192,"message":"Return type of Ai1wm_Recursive_Newline_Filter::accept() should either be compatible with FilterIterator::accept(): bool, or the #[\\ReturnTypeWillChange] attribute should be used to temporarily suppress the notice","file":"\/home\/ahmwbksm\/refund.ahmweb.site\/wp-content\/plugins\/all-in-one-wp-migration\/lib\/vendor\/servmask\/filter\/class-ai1wm-recursive-newline-filter.php","line":28}

Feb 27 2023 11:18:30
{"type":8192,"message":"Return type of Ai1wm_Recursive_Newline_Filter::accept() should either be compatible with FilterIterator::accept(): bool, or the #[\\ReturnTypeWillChange] attribute should be used to temporarily suppress the notice","file":"\/home\/ahmwbksm\/refund.ahmweb.site\/wp-content\/plugins\/all-in-one-wp-migration\/lib\/vendor\/servmask\/filter\/class-ai1wm-recursive-newline-filter.php","line":28}

Feb 27 2023 11:18:31
{"type":8192,"message":"Return type of Ai1wm_Recursive_Newline_Filter::accept() should either be compatible with FilterIterator::accept(): bool, or the #[\\ReturnTypeWillChange] attribute should be used to temporarily suppress the notice","file":"\/home\/ahmwbksm\/refund.ahmweb.site\/wp-content\/plugins\/all-in-one-wp-migration\/lib\/vendor\/servmask\/filter\/class-ai1wm-recursive-newline-filter.php","line":28}

Feb 27 2023 11:18:31
{"type":8192,"message":"Return type of Requests_Utility_CaseInsensitiveDictionary::getIterator() should either be compatible with IteratorAggregate::getIterator(): Traversable, or the #[\\ReturnTypeWillChange] attribute should be used to temporarily suppress the notice","file":"\/home\/ahmwbksm\/refund.ahmweb.site\/wp-includes\/Requests\/Utility\/CaseInsensitiveDictionary.php","line":91}

